[2022-09-18 14:09:55] Текст ошибки: Возникла ошибка | Файл: D:\OpenServer\domains\new-ishop.loc\public\index.php | Строка: 11
=================
[2022-09-18 14:09:55] Текст ошибки: Возникла ошибка | Файл: D:\OpenServer\domains\new-ishop.loc\public\index.php | Строка: 11
=================
[2022-09-18 14:12:58] Текст ошибки: Возникла ошибка | Файл: D:\OpenServer\domains\new-ishop.loc\public\index.php | Строка: 11
=================
[2022-09-18 14:12:58] Текст ошибки: Возникла ошибка | Файл: D:\OpenServer\domains\new-ishop.loc\public\index.php | Строка: 11
=================
[2022-09-18 14:13:00] Текст ошибки: Возникла ошибка | Файл: D:\OpenServer\domains\new-ishop.loc\public\index.php | Строка: 11
=================
[2022-09-18 14:13:00] Текст ошибки: Возникла ошибка | Файл: D:\OpenServer\domains\new-ishop.loc\public\index.php | Строка: 11
=================
[2022-09-18 14:15:19] Текст ошибки: Возникла ошибка | Файл: D:\OpenServer\domains\new-ishop.loc\public\index.php | Строка: 11
=================
[2022-09-18 14:15:19] Текст ошибки: Возникла ошибка | Файл: D:\OpenServer\domains\new-ishop.loc\public\index.php | Строка: 11
=================
[2022-09-18 14:16:19] Текст ошибки: Возникла ошибка | Файл: D:\OpenServer\domains\new-ishop.loc\public\index.php | Строка: 11
=================
[2022-09-18 14:16:19] Текст ошибки: Возникла ошибка | Файл: D:\OpenServer\domains\new-ishop.loc\public\index.php | Строка: 11
=================
[2022-09-18 14:16:22] Текст ошибки: Возникла ошибка | Файл: D:\OpenServer\domains\new-ishop.loc\public\index.php | Строка: 11
=================
[2022-09-18 14:16:22] Текст ошибки: Возникла ошибка | Файл: D:\OpenServer\domains\new-ishop.loc\public\index.php | Строка: 11
=================
[2022-09-18 14:16:23] Текст ошибки: Возникла ошибка | Файл: D:\OpenServer\domains\new-ishop.loc\public\index.php | Строка: 11
=================
[2022-09-18 14:16:23] Текст ошибки: Возникла ошибка | Файл: D:\OpenServer\domains\new-ishop.loc\public\index.php | Строка: 11
=================
[2022-09-18 14:16:23] Текст ошибки: Возникла ошибка | Файл: D:\OpenServer\domains\new-ishop.loc\public\index.php | Строка: 11
=================
[2022-09-18 14:16:23] Текст ошибки: Возникла ошибка | Файл: D:\OpenServer\domains\new-ishop.loc\public\index.php | Строка: 11
=================
[2022-09-18 14:16:32] Текст ошибки: Undefined variable $test | Файл: D:\OpenServer\domains\new-ishop.loc\public\index.php | Строка: 13
=================
[2022-09-18 14:16:32] Текст ошибки: Undefined variable $test | Файл: D:\OpenServer\domains\new-ishop.loc\public\index.php | Строка: 13
=================
[2022-09-18 14:17:11] Текст ошибки: Возникла ошибка | Файл: D:\OpenServer\domains\new-ishop.loc\public\index.php | Строка: 11
=================
[2022-09-18 14:17:11] Текст ошибки: Возникла ошибка | Файл: D:\OpenServer\domains\new-ishop.loc\public\index.php | Строка: 11
=================
[2022-09-18 14:17:13] Текст ошибки: Возникла ошибка | Файл: D:\OpenServer\domains\new-ishop.loc\public\index.php | Строка: 11
=================
[2022-09-18 14:17:13] Текст ошибки: Возникла ошибка | Файл: D:\OpenServer\domains\new-ishop.loc\public\index.php | Строка: 11
=================
[2022-09-18 14:17:13] Текст ошибки: Возникла ошибка | Файл: D:\OpenServer\domains\new-ishop.loc\public\index.php | Строка: 11
=================
[2022-09-18 14:17:13] Текст ошибки: Возникла ошибка | Файл: D:\OpenServer\domains\new-ishop.loc\public\index.php | Строка: 11
=================
[2022-09-18 14:17:14] Текст ошибки: Возникла ошибка | Файл: D:\OpenServer\domains\new-ishop.loc\public\index.php | Строка: 11
=================
[2022-09-18 14:17:14] Текст ошибки: Возникла ошибка | Файл: D:\OpenServer\domains\new-ishop.loc\public\index.php | Строка: 11
=================
[2022-09-18 14:17:14] Текст ошибки: Возникла ошибка | Файл: D:\OpenServer\domains\new-ishop.loc\public\index.php | Строка: 11
=================
[2022-09-18 14:17:14] Текст ошибки: Возникла ошибка | Файл: D:\OpenServer\domains\new-ishop.loc\public\index.php | Строка: 11
=================
[2022-09-18 14:17:22] Текст ошибки: Возникла ошибка | Файл: D:\OpenServer\domains\new-ishop.loc\public\index.php | Строка: 11
=================
[2022-09-18 14:17:22] Текст ошибки: Возникла ошибка | Файл: D:\OpenServer\domains\new-ishop.loc\public\index.php | Строка: 11
=================
[2022-09-18 14:17:44] Текст ошибки: Возникла ошибка | Файл: D:\OpenServer\domains\new-ishop.loc\public\index.php | Строка: 11
=================
[2022-09-18 14:17:44] Текст ошибки: Возникла ошибка | Файл: D:\OpenServer\domains\new-ishop.loc\public\index.php | Строка: 11
=================
[2022-09-18 14:18:34] Текст ошибки: Возникла ошибка | Файл: D:\OpenServer\domains\new-ishop.loc\public\index.php | Строка: 11
=================
[2022-09-18 14:18:34] Текст ошибки: Возникла ошибка | Файл: D:\OpenServer\domains\new-ishop.loc\public\index.php | Строка: 11
=================
[2022-09-18 14:20:43] Текст ошибки: Возникла ошибка | Файл: D:\OpenServer\domains\new-ishop.loc\public\index.php | Строка: 11
=================
[2022-09-18 14:20:43] Текст ошибки: Возникла ошибка | Файл: D:\OpenServer\domains\new-ishop.loc\public\index.php | Строка: 11
=================
[2022-09-18 14:22:35] Текст ошибки: Возникла ошибка | Файл: D:\OpenServer\domains\new-ishop.loc\public\index.php | Строка: 11
=================
[2022-09-18 14:22:35] Текст ошибки: Возникла ошибка | Файл: D:\OpenServer\domains\new-ishop.loc\public\index.php | Строка: 11
=================
[2022-09-18 14:26:28] Текст ошибки: Возникла ошибка | Файл: D:\OpenServer\domains\new-ishop.loc\public\index.php | Строка: 11
=================
[2022-09-18 23:26:29] Текст ошибки: Возникла ошибка | Файл: D:\OpenServer\domains\new-ishop.loc\public\index.php | Строка: 11
=================
[2022-09-18 23:26:29] Текст ошибки: Возникла ошибка | Файл: D:\OpenServer\domains\new-ishop.loc\public\index.php | Строка: 11
=================
[2022-09-18 23:31:25] Текст ошибки: Возникла ошибка | Файл: D:\OpenServer\domains\new-ishop.loc\public\index.php | Строка: 11
=================
[2022-09-18 23:31:25] Текст ошибки: Возникла ошибка | Файл: D:\OpenServer\domains\new-ishop.loc\public\index.php | Строка: 11
=================
[2022-09-18 23:46:03] Текст ошибки: Возникла ошибка | Файл: D:\OpenServer\domains\new-ishop.loc\public\index.php | Строка: 11
=================
[2022-09-18 23:46:03] Текст ошибки: Возникла ошибка | Файл: D:\OpenServer\domains\new-ishop.loc\public\index.php | Строка: 11
=================
[2022-09-18 23:47:11] Текст ошибки: Возникла ошибка | Файл: D:\OpenServer\domains\new-ishop.loc\public\index.php | Строка: 11
=================
[2022-09-18 23:47:11] Текст ошибки: Возникла ошибка | Файл: D:\OpenServer\domains\new-ishop.loc\public\index.php | Строка: 11
=================
[2022-09-18 23:47:19] Текст ошибки: Возникла ошибка | Файл: D:\OpenServer\domains\new-ishop.loc\public\index.php | Строка: 11
=================
[2022-09-18 23:47:19] Текст ошибки: Возникла ошибка | Файл: D:\OpenServer\domains\new-ishop.loc\public\index.php | Строка: 11
=================
[2022-09-18 23:47:35] Текст ошибки: Возникла ошибка | Файл: D:\OpenServer\domains\new-ishop.loc\public\index.php | Строка: 11
=================
[2022-09-18 23:47:35] Текст ошибки: Возникла ошибка | Файл: D:\OpenServer\domains\new-ishop.loc\public\index.php | Строка: 11
=================
[2022-09-21 20:31:54] Текст ошибки: Страница не найдена | Файл: D:\OpenServer\domains\new-ishop.loc\vendor\wfm\Router.php | Строка: 31
=================
[2022-09-21 20:32:15] Текст ошибки: Undefined variable $controller | Файл: D:\OpenServer\domains\new-ishop.loc\vendor\wfm\Router.php | Строка: 29
=================
[2022-09-21 20:32:15] Текст ошибки: Страница не найдена | Файл: D:\OpenServer\domains\new-ishop.loc\vendor\wfm\Router.php | Строка: 31
=================
[2022-09-21 20:32:37] Текст ошибки: Страница не найдена | Файл: D:\OpenServer\domains\new-ishop.loc\vendor\wfm\Router.php | Строка: 31
=================
[2022-09-21 20:32:48] Текст ошибки: Страница не найдена | Файл: D:\OpenServer\domains\new-ishop.loc\vendor\wfm\Router.php | Строка: 31
=================
[2022-09-21 20:32:53] Текст ошибки: Страница не найдена | Файл: D:\OpenServer\domains\new-ishop.loc\vendor\wfm\Router.php | Строка: 31
=================
[2022-09-21 20:36:23] Текст ошибки: Страница не найдена | Файл: D:\OpenServer\domains\new-ishop.loc\vendor\wfm\Router.php | Строка: 31
=================
[2022-09-21 20:38:13] Текст ошибки: Страница не найдена | Файл: D:\OpenServer\domains\new-ishop.loc\vendor\wfm\Router.php | Строка: 31
=================
[2022-09-21 20:48:12] Текст ошибки: Контроллер app\controllers\PseroductController не найден | Файл: D:\OpenServer\domains\new-ishop.loc\vendor\wfm\Router.php | Строка: 35
=================
[2022-09-21 20:48:12] Текст ошибки: Страница не найдена | Файл: D:\OpenServer\domains\new-ishop.loc\vendor\wfm\Router.php | Строка: 38
=================
[2022-09-21 20:50:46] Текст ошибки: Контроллер app\controllers\PseroductController не найден | Файл: D:\OpenServer\domains\new-ishop.loc\vendor\wfm\Router.php | Строка: 40
=================
[2022-09-21 20:50:51] Текст ошибки: Контроллер app\controllers\MainController не найден | Файл: D:\OpenServer\domains\new-ishop.loc\vendor\wfm\Router.php | Строка: 40
=================
[2022-09-21 20:51:24] Текст ошибки: Метод app\controllers\MainController::indexAction не найден | Файл: D:\OpenServer\domains\new-ishop.loc\vendor\wfm\Router.php | Строка: 37
=================
[2022-09-21 20:51:24] Текст ошибки: Страница не найдена | Файл: D:\OpenServer\domains\new-ishop.loc\vendor\wfm\Router.php | Строка: 43
=================
[2022-09-21 20:52:03] Текст ошибки: Undefined property: app\controllers\MainController::$indexAction | Файл: D:\OpenServer\domains\new-ishop.loc\vendor\wfm\Router.php | Строка: 35
=================
[2022-09-21 20:52:03] Текст ошибки: Страница не найдена | Файл: D:\OpenServer\domains\new-ishop.loc\vendor\wfm\Router.php | Строка: 43
=================
[2022-09-21 20:53:14] Текст ошибки: Страница не найдена | Файл: D:\OpenServer\domains\new-ishop.loc\vendor\wfm\Router.php | Строка: 44
=================
[2022-09-21 20:54:40] Текст ошибки: Страница не найдена | Файл: D:\OpenServer\domains\new-ishop.loc\vendor\wfm\Router.php | Строка: 44
=================
[2022-09-21 20:54:41] Текст ошибки: Страница не найдена | Файл: D:\OpenServer\domains\new-ishop.loc\vendor\wfm\Router.php | Строка: 44
=================
[2022-09-21 20:54:41] Текст ошибки: Страница не найдена | Файл: D:\OpenServer\domains\new-ishop.loc\vendor\wfm\Router.php | Строка: 44
=================
[2022-09-21 20:56:10] Текст ошибки: Метод app\controllers\admin\MainController::indexAction не найден | Файл: D:\OpenServer\domains\new-ishop.loc\vendor\wfm\Router.php | Строка: 37
=================
[2022-09-21 20:57:22] Текст ошибки: Страница не найдена | Файл: D:\OpenServer\domains\new-ishop.loc\vendor\wfm\Router.php | Строка: 44
=================
[2022-09-21 22:36:27] Текст ошибки: Страница не найдена | Файл: D:\OpenServer\domains\new-ishop.loc\vendor\wfm\Router.php | Строка: 47
=================
[2022-09-21 22:36:27] Текст ошибки: Страница не найдена | Файл: D:\OpenServer\domains\new-ishop.loc\vendor\wfm\Router.php | Строка: 47
=================
[2022-09-21 22:36:28] Текст ошибки: Страница не найдена | Файл: D:\OpenServer\domains\new-ishop.loc\vendor\wfm\Router.php | Строка: 47
=================
[2022-09-21 22:36:50] Текст ошибки: Страница не найдена | Файл: D:\OpenServer\domains\new-ishop.loc\vendor\wfm\Router.php | Строка: 47
=================
[2022-09-21 22:36:54] Текст ошибки: Контроллер app\controllers\ProductController не найден | Файл: D:\OpenServer\domains\new-ishop.loc\vendor\wfm\Router.php | Строка: 43
=================
[2022-09-21 22:37:54] Текст ошибки: Страница не найдена | Файл: D:\OpenServer\domains\new-ishop.loc\vendor\wfm\Router.php | Строка: 47
=================
[2022-09-21 22:38:04] Текст ошибки: Метод app\controllers\MainController::productAction не найден | Файл: D:\OpenServer\domains\new-ishop.loc\vendor\wfm\Router.php | Строка: 40
=================
